2026-06-05 15:19:33,250 [INFO] === Démarrage du scraper mairies ===
2026-06-05 15:19:34,531 [INFO] 96 départements trouvés
2026-06-05 15:19:34,532 [INFO] [1/96] Traitement : departement-ain-1
2026-06-05 15:19:34,595 [INFO]   → 408 communes trouvées
2026-06-05 15:26:14,515 [INFO] [2/96] Traitement : departement-aisne-2
2026-06-05 15:26:14,652 [INFO]   → 811 communes trouvées
2026-06-05 15:39:30,650 [INFO] [3/96] Traitement : departement-allier-3
2026-06-05 15:39:30,750 [INFO]   → 319 communes trouvées
2026-06-05 15:44:41,140 [INFO] [4/96] Traitement : departement-alpes-de-haute-provence-4
2026-06-05 15:44:41,221 [INFO]   → 192 communes trouvées
2026-06-05 15:47:46,382 [INFO] [5/96] Traitement : departement-hautes-alpes-5
2026-06-05 15:47:46,477 [INFO]   → 174 communes trouvées
2026-06-05 15:50:34,248 [INFO] [6/96] Traitement : departement-alpes-maritimes-6
2026-06-05 15:50:34,330 [INFO]   → 165 communes trouvées
2026-06-05 15:53:14,855 [INFO] [7/96] Traitement : departement-ardeche-7
2026-06-05 15:53:14,918 [INFO]   → 337 communes trouvées
2026-06-05 15:58:44,355 [INFO] [8/96] Traitement : departement-ardennes-8
2026-06-05 15:58:44,431 [INFO]   → 455 communes trouvées
2026-06-05 16:06:12,166 [INFO] [9/96] Traitement : departement-ariege-9
2026-06-05 16:06:12,263 [INFO]   → 332 communes trouvées
2026-06-05 16:11:37,797 [INFO] [10/96] Traitement : departement-aube-10
2026-06-05 16:11:37,888 [INFO]   → 431 communes trouvées
2026-06-05 16:18:40,740 [INFO] [11/96] Traitement : departement-aude-11
2026-06-05 16:18:40,835 [INFO]   → 435 communes trouvées
2026-06-05 16:25:47,720 [INFO] [12/96] Traitement : departement-aveyron-12
2026-06-05 16:25:47,833 [INFO]   → 285 communes trouvées
2026-06-05 16:30:26,661 [INFO] [13/96] Traitement : departement-bouches-du-rhone-13
2026-06-05 16:30:26,731 [INFO]   → 128 communes trouvées
2026-06-05 16:32:31,194 [INFO] [14/96] Traitement : departement-calvados-14
2026-06-05 16:32:31,283 [INFO]   → 625 communes trouvées
2026-06-05 16:42:41,597 [INFO] [15/96] Traitement : departement-cantal-15
2026-06-05 16:42:41,660 [INFO]   → 254 communes trouvées
2026-06-05 16:46:50,855 [INFO] [16/96] Traitement : departement-charente-16
2026-06-05 16:46:50,918 [INFO]   → 392 communes trouvées
2026-06-05 16:53:14,359 [INFO] [17/96] Traitement : departement-charente-maritime-17
2026-06-05 16:53:14,454 [INFO]   → 469 communes trouvées
2026-06-05 17:00:53,088 [INFO] [18/96] Traitement : departement-cher-18
2026-06-05 17:00:53,145 [INFO]   → 290 communes trouvées
2026-06-05 17:05:33,275 [INFO] [19/96] Traitement : departement-correze-19
2026-06-05 17:05:33,335 [INFO]   → 285 communes trouvées
2026-06-05 17:10:13,303 [INFO] [20/96] Traitement : departement-corse-du-sud-20
2026-06-05 17:10:13,432 [INFO]   → 124 communes trouvées
2026-06-05 17:12:14,136 [INFO] [21/96] Traitement : departement-haute-corse-21
2026-06-05 17:12:14,207 [INFO]   → 235 communes trouvées
2026-06-05 17:16:01,256 [INFO] [22/96] Traitement : departement-cote-d-or-22
2026-06-05 17:16:01,337 [INFO]   → 705 communes trouvées
2026-06-05 17:27:28,760 [INFO] [23/96] Traitement : departement-cotes-d-armor-23
2026-06-05 17:27:28,879 [INFO]   → 366 communes trouvées
2026-06-05 17:33:26,064 [INFO] [24/96] Traitement : departement-creuse-24
2026-06-05 17:33:26,151 [INFO]   → 259 communes trouvées
2026-06-05 17:37:38,704 [INFO] [25/96] Traitement : departement-dordogne-25
2026-06-05 17:37:38,783 [INFO]   → 544 communes trouvées
2026-06-05 17:46:31,195 [INFO] [26/96] Traitement : departement-doubs-26
2026-06-05 17:46:31,267 [INFO]   → 583 communes trouvées
2026-06-05 17:56:00,882 [INFO] [27/96] Traitement : departement-drome-27
2026-06-05 17:56:00,947 [INFO]   → 366 communes trouvées
2026-06-05 18:01:58,531 [INFO] [28/96] Traitement : departement-eure-28
2026-06-05 18:01:58,607 [INFO]   → 611 communes trouvées
2026-06-05 18:11:55,222 [INFO] [29/96] Traitement : departement-eure-et-loir-29
2026-06-05 18:11:55,290 [INFO]   → 397 communes trouvées
2026-06-05 18:18:21,541 [INFO] [30/96] Traitement : departement-finistere-30
2026-06-05 18:18:21,602 [INFO]   → 281 communes trouvées
2026-06-05 18:22:53,271 [INFO] [31/96] Traitement : departement-gard-31
2026-06-05 18:22:53,331 [INFO]   → 353 communes trouvées
2026-06-05 18:28:37,344 [INFO] [32/96] Traitement : departement-haute-garonne-32
2026-06-05 18:28:37,440 [INFO]   → 589 communes trouvées
2026-06-05 18:38:10,300 [INFO] [33/96] Traitement : departement-gers-33
2026-06-05 18:38:10,397 [INFO]   → 462 communes trouvées
2026-06-05 18:45:42,926 [INFO] [34/96] Traitement : departement-gironde-34
2026-06-05 18:45:43,016 [INFO]   → 544 communes trouvées
2026-06-05 18:54:34,782 [INFO] [35/96] Traitement : departement-herault-35
2026-06-05 18:54:34,855 [INFO]   → 344 communes trouvées
2026-06-05 19:00:10,517 [INFO] [36/96] Traitement : departement-ille-et-vilaine-36
2026-06-05 19:00:10,612 [INFO]   → 350 communes trouvées
2026-06-05 19:05:50,162 [INFO] [37/96] Traitement : departement-indre-37
2026-06-05 19:05:50,269 [INFO]   → 243 communes trouvées
2026-06-05 19:09:47,329 [INFO] [38/96] Traitement : departement-indre-et-loire-38
2026-06-05 19:09:47,393 [INFO]   → 278 communes trouvées
2026-06-05 19:14:18,616 [INFO] [39/96] Traitement : departement-isere-39
2026-06-05 19:14:18,703 [INFO]   → 524 communes trouvées
2026-06-05 19:22:51,942 [INFO] [40/96] Traitement : departement-jura-40
2026-06-05 19:22:52,018 [INFO]   → 520 communes trouvées
2026-06-05 19:31:18,581 [INFO] [41/96] Traitement : departement-landes-41
2026-06-05 19:31:18,683 [INFO]   → 331 communes trouvées
2026-06-05 19:36:43,749 [INFO] [42/96] Traitement : departement-loir-et-cher-42
2026-06-05 19:36:43,840 [INFO]   → 283 communes trouvées
2026-06-05 19:41:20,825 [INFO] [43/96] Traitement : departement-loire-43
2026-06-05 19:41:20,895 [INFO]   → 327 communes trouvées
2026-06-05 19:46:39,907 [INFO] [44/96] Traitement : departement-haute-loire-44
2026-06-05 19:46:39,966 [INFO]   → 260 communes trouvées
